<?xml version="1.0" encoding="UTF-8"?>
<testsuite xmlns:xsi="http://www.w3.org/2001/XMLSchema-instance" xsi:noNamespaceSchemaLocation="https://maven.apache.org/surefire/maven-surefire-plugin/xsd/surefire-test-report-3.0.xsd" version="3.0" name="TestSuite" time="5.338" tests="3" errors="0" skipped="0" failures="0">
  <properties>
    <property name="gopherProxySet" value="false"/>
    <property name="awt.toolkit" value="sun.lwawt.macosx.LWCToolkit"/>
    <property name="file.encoding.pkg" value="sun.io"/>
    <property name="java.specification.version" value="1.8"/>
    <property name="sun.cpu.isalist" value=""/>
    <property name="sun.jnu.encoding" value="UTF-8"/>
    <property name="java.class.path" value="/Users/sachin.vanjari/eclipse-workspace/TestNg/target/test-classes:/Users/sachin.vanjari/eclipse-workspace/TestNg/target/classes:/Users/sachin.vanjari/.m2/repository/io/github/bonigarcia/webdrivermanager/4.4.3/webdrivermanager-4.4.3.jar:/Users/sachin.vanjari/.m2/repository/org/slf4j/slf4j-api/1.7.30/slf4j-api-1.7.30.jar:/Users/sachin.vanjari/.m2/repository/commons-io/commons-io/2.8.0/commons-io-2.8.0.jar:/Users/sachin.vanjari/.m2/repository/com/google/code/gson/gson/2.8.6/gson-2.8.6.jar:/Users/sachin.vanjari/.m2/repository/org/apache/commons/commons-lang3/3.12.0/commons-lang3-3.12.0.jar:/Users/sachin.vanjari/.m2/repository/org/apache/httpcomponents/client5/httpclient5/5.0.3/httpclient5-5.0.3.jar:/Users/sachin.vanjari/.m2/repository/org/apache/httpcomponents/core5/httpcore5/5.0.2/httpcore5-5.0.2.jar:/Users/sachin.vanjari/.m2/repository/org/apache/httpcomponents/core5/httpcore5-h2/5.0.2/httpcore5-h2-5.0.2.jar:/Users/sachin.vanjari/.m2/repository/commons-codec/commons-codec/1.13/commons-codec-1.13.jar:/Users/sachin.vanjari/.m2/repository/org/rauschig/jarchivelib/1.1.0/jarchivelib-1.1.0.jar:/Users/sachin.vanjari/.m2/repository/org/apache/commons/commons-compress/1.20/commons-compress-1.20.jar:/Users/sachin.vanjari/.m2/repository/org/jsoup/jsoup/1.13.1/jsoup-1.13.1.jar:/Users/sachin.vanjari/.m2/repository/org/seleniumhq/selenium/selenium-server/3.141.59/selenium-server-3.141.59.jar:/Users/sachin.vanjari/.m2/repository/org/seleniumhq/selenium/selenium-java/3.141.59/selenium-java-3.141.59.jar:/Users/sachin.vanjari/.m2/repository/org/seleniumhq/selenium/selenium-api/3.141.59/selenium-api-3.141.59.jar:/Users/sachin.vanjari/.m2/repository/org/seleniumhq/selenium/selenium-chrome-driver/3.141.59/selenium-chrome-driver-3.141.59.jar:/Users/sachin.vanjari/.m2/repository/org/seleniumhq/selenium/selenium-edge-driver/3.141.59/selenium-edge-driver-3.141.59.jar:/Users/sachin.vanjari/.m2/repository/org/seleniumhq/selenium/selenium-firefox-driver/3.141.59/selenium-firefox-driver-3.141.59.jar:/Users/sachin.vanjari/.m2/repository/org/seleniumhq/selenium/selenium-ie-driver/3.141.59/selenium-ie-driver-3.141.59.jar:/Users/sachin.vanjari/.m2/repository/org/seleniumhq/selenium/selenium-opera-driver/3.141.59/selenium-opera-driver-3.141.59.jar:/Users/sachin.vanjari/.m2/repository/org/seleniumhq/selenium/selenium-remote-driver/3.141.59/selenium-remote-driver-3.141.59.jar:/Users/sachin.vanjari/.m2/repository/org/seleniumhq/selenium/selenium-safari-driver/3.141.59/selenium-safari-driver-3.141.59.jar:/Users/sachin.vanjari/.m2/repository/org/seleniumhq/selenium/selenium-support/3.141.59/selenium-support-3.141.59.jar:/Users/sachin.vanjari/.m2/repository/com/beust/jcommander/1.72/jcommander-1.72.jar:/Users/sachin.vanjari/.m2/repository/net/bytebuddy/byte-buddy/1.8.15/byte-buddy-1.8.15.jar:/Users/sachin.vanjari/.m2/repository/org/apache/commons/commons-exec/1.3/commons-exec-1.3.jar:/Users/sachin.vanjari/.m2/repository/com/google/guava/guava/25.0-jre/guava-25.0-jre.jar:/Users/sachin.vanjari/.m2/repository/com/google/code/findbugs/jsr305/1.3.9/jsr305-1.3.9.jar:/Users/sachin.vanjari/.m2/repository/org/checkerframework/checker-compat-qual/2.0.0/checker-compat-qual-2.0.0.jar:/Users/sachin.vanjari/.m2/repository/com/google/errorprone/error_prone_annotations/2.1.3/error_prone_annotations-2.1.3.jar:/Users/sachin.vanjari/.m2/repository/com/google/j2objc/j2objc-annotations/1.1/j2objc-annotations-1.1.jar:/Users/sachin.vanjari/.m2/repository/org/codehaus/mojo/animal-sniffer-annotations/1.14/animal-sniffer-annotations-1.14.jar:/Users/sachin.vanjari/.m2/repository/net/jcip/jcip-annotations/1.0/jcip-annotations-1.0.jar:/Users/sachin.vanjari/.m2/repository/org/seleniumhq/selenium/jetty-repacked/9.4.12.v20180830/jetty-repacked-9.4.12.v20180830.jar:/Users/sachin.vanjari/.m2/repository/com/squareup/okhttp3/okhttp/3.11.0/okhttp-3.11.0.jar:/Users/sachin.vanjari/.m2/repository/com/squareup/okio/okio/1.14.0/okio-1.14.0.jar:/Users/sachin.vanjari/.m2/repository/javax/servlet/javax.servlet-api/3.1.0/javax.servlet-api-3.1.0.jar:/Users/sachin.vanjari/.m2/repository/org/yaml/snakeyaml/1.19/snakeyaml-1.19.jar:/Users/sachin.vanjari/.m2/repository/com/aventstack/extentreports/5.0.8/extentreports-5.0.8.jar:/Users/sachin.vanjari/.m2/repository/io/reactivex/rxjava3/rxjava/3.0.4/rxjava-3.0.4.jar:/Users/sachin.vanjari/.m2/repository/org/reactivestreams/reactive-streams/1.0.3/reactive-streams-1.0.3.jar:/Users/sachin.vanjari/.m2/repository/org/freemarker/freemarker/2.3.30/freemarker-2.3.30.jar:/Users/sachin.vanjari/.m2/repository/org/projectlombok/lombok/1.18.12/lombok-1.18.12.jar:/Users/sachin.vanjari/.m2/repository/org/testng/testng/6.10/testng-6.10.jar:"/>
    <property name="java.vm.vendor" value="Oracle Corporation"/>
    <property name="sun.arch.data.model" value="64"/>
    <property name="java.vendor.url" value="http://java.oracle.com/"/>
    <property name="user.timezone" value="Asia/Kolkata"/>
    <property name="java.vm.specification.version" value="1.8"/>
    <property name="os.name" value="Mac OS X"/>
    <property name="user.country" value="IN"/>
    <property name="sun.java.launcher" value="SUN_STANDARD"/>
    <property name="sun.boot.library.path" value="/Library/Java/JavaVirtualMachines/jdk1.8.0_202.jdk/Contents/Home/jre/lib"/>
    <property name="sun.java.command" value="/Users/sachin.vanjari/eclipse-workspace/TestNg/target/surefire/surefirebooter4814167970599328316.jar /Users/sachin.vanjari/eclipse-workspace/TestNg/target/surefire 2021-08-02T00-30-03_021-jvmRun1 surefire5499881955277238121tmp surefire_06839049129570369681tmp"/>
    <property name="http.nonProxyHosts" value="local|*.local|169.254/16|*.169.254/16"/>
    <property name="surefire.test.class.path" value="/Users/sachin.vanjari/eclipse-workspace/TestNg/target/test-classes:/Users/sachin.vanjari/eclipse-workspace/TestNg/target/classes:/Users/sachin.vanjari/.m2/repository/io/github/bonigarcia/webdrivermanager/4.4.3/webdrivermanager-4.4.3.jar:/Users/sachin.vanjari/.m2/repository/org/slf4j/slf4j-api/1.7.30/slf4j-api-1.7.30.jar:/Users/sachin.vanjari/.m2/repository/commons-io/commons-io/2.8.0/commons-io-2.8.0.jar:/Users/sachin.vanjari/.m2/repository/com/google/code/gson/gson/2.8.6/gson-2.8.6.jar:/Users/sachin.vanjari/.m2/repository/org/apache/commons/commons-lang3/3.12.0/commons-lang3-3.12.0.jar:/Users/sachin.vanjari/.m2/repository/org/apache/httpcomponents/client5/httpclient5/5.0.3/httpclient5-5.0.3.jar:/Users/sachin.vanjari/.m2/repository/org/apache/httpcomponents/core5/httpcore5/5.0.2/httpcore5-5.0.2.jar:/Users/sachin.vanjari/.m2/repository/org/apache/httpcomponents/core5/httpcore5-h2/5.0.2/httpcore5-h2-5.0.2.jar:/Users/sachin.vanjari/.m2/repository/commons-codec/commons-codec/1.13/commons-codec-1.13.jar:/Users/sachin.vanjari/.m2/repository/org/rauschig/jarchivelib/1.1.0/jarchivelib-1.1.0.jar:/Users/sachin.vanjari/.m2/repository/org/apache/commons/commons-compress/1.20/commons-compress-1.20.jar:/Users/sachin.vanjari/.m2/repository/org/jsoup/jsoup/1.13.1/jsoup-1.13.1.jar:/Users/sachin.vanjari/.m2/repository/org/seleniumhq/selenium/selenium-server/3.141.59/selenium-server-3.141.59.jar:/Users/sachin.vanjari/.m2/repository/org/seleniumhq/selenium/selenium-java/3.141.59/selenium-java-3.141.59.jar:/Users/sachin.vanjari/.m2/repository/org/seleniumhq/selenium/selenium-api/3.141.59/selenium-api-3.141.59.jar:/Users/sachin.vanjari/.m2/repository/org/seleniumhq/selenium/selenium-chrome-driver/3.141.59/selenium-chrome-driver-3.141.59.jar:/Users/sachin.vanjari/.m2/repository/org/seleniumhq/selenium/selenium-edge-driver/3.141.59/selenium-edge-driver-3.141.59.jar:/Users/sachin.vanjari/.m2/repository/org/seleniumhq/selenium/selenium-firefox-driver/3.141.59/selenium-firefox-driver-3.141.59.jar:/Users/sachin.vanjari/.m2/repository/org/seleniumhq/selenium/selenium-ie-driver/3.141.59/selenium-ie-driver-3.141.59.jar:/Users/sachin.vanjari/.m2/repository/org/seleniumhq/selenium/selenium-opera-driver/3.141.59/selenium-opera-driver-3.141.59.jar:/Users/sachin.vanjari/.m2/repository/org/seleniumhq/selenium/selenium-remote-driver/3.141.59/selenium-remote-driver-3.141.59.jar:/Users/sachin.vanjari/.m2/repository/org/seleniumhq/selenium/selenium-safari-driver/3.141.59/selenium-safari-driver-3.141.59.jar:/Users/sachin.vanjari/.m2/repository/org/seleniumhq/selenium/selenium-support/3.141.59/selenium-support-3.141.59.jar:/Users/sachin.vanjari/.m2/repository/com/beust/jcommander/1.72/jcommander-1.72.jar:/Users/sachin.vanjari/.m2/repository/net/bytebuddy/byte-buddy/1.8.15/byte-buddy-1.8.15.jar:/Users/sachin.vanjari/.m2/repository/org/apache/commons/commons-exec/1.3/commons-exec-1.3.jar:/Users/sachin.vanjari/.m2/repository/com/google/guava/guava/25.0-jre/guava-25.0-jre.jar:/Users/sachin.vanjari/.m2/repository/com/google/code/findbugs/jsr305/1.3.9/jsr305-1.3.9.jar:/Users/sachin.vanjari/.m2/repository/org/checkerframework/checker-compat-qual/2.0.0/checker-compat-qual-2.0.0.jar:/Users/sachin.vanjari/.m2/repository/com/google/errorprone/error_prone_annotations/2.1.3/error_prone_annotations-2.1.3.jar:/Users/sachin.vanjari/.m2/repository/com/google/j2objc/j2objc-annotations/1.1/j2objc-annotations-1.1.jar:/Users/sachin.vanjari/.m2/repository/org/codehaus/mojo/animal-sniffer-annotations/1.14/animal-sniffer-annotations-1.14.jar:/Users/sachin.vanjari/.m2/repository/net/jcip/jcip-annotations/1.0/jcip-annotations-1.0.jar:/Users/sachin.vanjari/.m2/repository/org/seleniumhq/selenium/jetty-repacked/9.4.12.v20180830/jetty-repacked-9.4.12.v20180830.jar:/Users/sachin.vanjari/.m2/repository/com/squareup/okhttp3/okhttp/3.11.0/okhttp-3.11.0.jar:/Users/sachin.vanjari/.m2/repository/com/squareup/okio/okio/1.14.0/okio-1.14.0.jar:/Users/sachin.vanjari/.m2/repository/javax/servlet/javax.servlet-api/3.1.0/javax.servlet-api-3.1.0.jar:/Users/sachin.vanjari/.m2/repository/org/yaml/snakeyaml/1.19/snakeyaml-1.19.jar:/Users/sachin.vanjari/.m2/repository/com/aventstack/extentreports/5.0.8/extentreports-5.0.8.jar:/Users/sachin.vanjari/.m2/repository/io/reactivex/rxjava3/rxjava/3.0.4/rxjava-3.0.4.jar:/Users/sachin.vanjari/.m2/repository/org/reactivestreams/reactive-streams/1.0.3/reactive-streams-1.0.3.jar:/Users/sachin.vanjari/.m2/repository/org/freemarker/freemarker/2.3.30/freemarker-2.3.30.jar:/Users/sachin.vanjari/.m2/repository/org/projectlombok/lombok/1.18.12/lombok-1.18.12.jar:/Users/sachin.vanjari/.m2/repository/org/testng/testng/6.10/testng-6.10.jar:"/>
    <property name="sun.cpu.endian" value="little"/>
    <property name="user.home" value="/Users/sachin.vanjari"/>
    <property name="user.language" value="en"/>
    <property name="java.specification.vendor" value="Oracle Corporation"/>
    <property name="java.home" value="/Library/Java/JavaVirtualMachines/jdk1.8.0_202.jdk/Contents/Home/jre"/>
    <property name="basedir" value="/Users/sachin.vanjari/eclipse-workspace/TestNg"/>
    <property name="file.separator" value="/"/>
    <property name="line.separator" value="&#10;"/>
    <property name="java.vm.specification.vendor" value="Oracle Corporation"/>
    <property name="java.specification.name" value="Java Platform API Specification"/>
    <property name="java.awt.graphicsenv" value="sun.awt.CGraphicsEnvironment"/>
    <property name="surefire.real.class.path" value="/Users/sachin.vanjari/eclipse-workspace/TestNg/target/surefire/surefirebooter4814167970599328316.jar"/>
    <property name="sun.boot.class.path" value="/Library/Java/JavaVirtualMachines/jdk1.8.0_202.jdk/Contents/Home/jre/lib/resources.jar:/Library/Java/JavaVirtualMachines/jdk1.8.0_202.jdk/Contents/Home/jre/lib/rt.jar:/Library/Java/JavaVirtualMachines/jdk1.8.0_202.jdk/Contents/Home/jre/lib/sunrsasign.jar:/Library/Java/JavaVirtualMachines/jdk1.8.0_202.jdk/Contents/Home/jre/lib/jsse.jar:/Library/Java/JavaVirtualMachines/jdk1.8.0_202.jdk/Contents/Home/jre/lib/jce.jar:/Library/Java/JavaVirtualMachines/jdk1.8.0_202.jdk/Contents/Home/jre/lib/charsets.jar:/Library/Java/JavaVirtualMachines/jdk1.8.0_202.jdk/Contents/Home/jre/lib/jfr.jar:/Library/Java/JavaVirtualMachines/jdk1.8.0_202.jdk/Contents/Home/jre/classes"/>
    <property name="sun.management.compiler" value="HotSpot 64-Bit Tiered Compilers"/>
    <property name="ftp.nonProxyHosts" value="local|*.local|169.254/16|*.169.254/16"/>
    <property name="java.runtime.version" value="1.8.0_202-b08"/>
    <property name="user.name" value="sachin.vanjari"/>
    <property name="path.separator" value=":"/>
    <property name="os.version" value="10.15.7"/>
    <property name="java.endorsed.dirs" value="/Library/Java/JavaVirtualMachines/jdk1.8.0_202.jdk/Contents/Home/jre/lib/endorsed"/>
    <property name="java.runtime.name" value="Java(TM) SE Runtime Environment"/>
    <property name="file.encoding" value="UTF-8"/>
    <property name="java.vm.name" value="Java HotSpot(TM) 64-Bit Server VM"/>
    <property name="localRepository" value="/Users/sachin.vanjari/.m2/repository"/>
    <property name="java.vendor.url.bug" value="http://bugreport.sun.com/bugreport/"/>
    <property name="java.io.tmpdir" value="/var/folders/gc/1tgjll7s2h7g87xhpnwfpb6r0000gn/T/"/>
    <property name="java.version" value="1.8.0_202"/>
    <property name="user.dir" value="/Users/sachin.vanjari/eclipse-workspace/TestNg"/>
    <property name="os.arch" value="x86_64"/>
    <property name="webdriver.gecko.driver" value="/Users/sachin.vanjari/.cache/selenium/geckodriver/mac64/0.29.0/geckodriver"/>
    <property name="java.vm.specification.name" value="Java Virtual Machine Specification"/>
    <property name="java.awt.printerjob" value="sun.lwawt.macosx.CPrinterJob"/>
    <property name="sun.os.patch.level" value="unknown"/>
    <property name="java.library.path" value="/Users/sachin.vanjari/Library/Java/Extensions:/Library/Java/Extensions:/Network/Library/Java/Extensions:/System/Library/Java/Extensions:/usr/lib/java:."/>
    <property name="java.vm.info" value="mixed mode"/>
    <property name="java.vendor" value="Oracle Corporation"/>
    <property name="java.vm.version" value="25.202-b08"/>
    <property name="java.ext.dirs" value="/Users/sachin.vanjari/Library/Java/Extensions:/Library/Java/JavaVirtualMachines/jdk1.8.0_202.jdk/Contents/Home/jre/lib/ext:/Library/Java/Extensions:/Network/Library/Java/Extensions:/System/Library/Java/Extensions:/usr/lib/java"/>
    <property name="sun.io.unicode.encoding" value="UnicodeBig"/>
    <property name="java.class.version" value="52.0"/>
    <property name="socksNonProxyHosts" value="local|*.local|169.254/16|*.169.254/16"/>
  </properties>
  <testcase name="m1" classname="TestPackage.TestNg1" time="4.969">
    <system-out><![CDATA[Firefox session started.
Google
Firefox session ended.
]]></system-out>
    <system-err><![CDATA[SLF4J: Failed to load class "org.slf4j.impl.StaticLoggerBinder".
SLF4J: Defaulting to no-operation (NOP) logger implementation
SLF4J: See http://www.slf4j.org/codes.html#StaticLoggerBinder for further details.
1627844404301	geckodriver	INFO	Listening on 127.0.0.1:12821
1627844404447	mozrunner::runner	INFO	Running command: "/Applications/Firefox.app/Contents/MacOS/firefox-bin" "--marionette" "-foreground" "-no-remote" "-profile" "/var/folders/gc/1tgjll7s2h7g87xhpnwfpb6r0000gn/T/rust_mozprofile7to1ci"
1627844404935	Marionette	INFO	Marionette enabled
console.warn: SearchSettings: "get: No settings file exists, new profile?" (new NotFoundError("Could not open the file at /var/folders/gc/1tgjll7s2h7g87xhpnwfpb6r0000gn/T/rust_mozprofile7to1ci/search.json.mozlz4", (void 0)))
console.error: BackgroundUpdate: 
  _reasonsToNotScheduleUpdates: Failed to check for Maintenance Service Registry Key: [Exception... "Component returned failure code: 0x80004001 (NS_ERROR_NOT_IMPLEMENTED) [nsIUpdateProcessor.getServiceRegKeyExists]"  nsresult: "0x80004001 (NS_ERROR_NOT_IMPLEMENTED)"  location: "JS frame :: resource://gre/modules/BackgroundUpdate.jsm :: _reasonsToNotScheduleUpdates :: line 243"  data: no]
1627844406478	Marionette	INFO	Listening on port 51851
1627844406521	Marionette	WARN	TLS certificate errors will be ignored for this session
Aug 02, 2021 12:30:06 AM org.openqa.selenium.remote.ProtocolHandshake createSession
INFO: Detected dialect: W3C
1627844408209	Marionette	INFO	Stopped listening on port 51851
console.error: Region.jsm: "Error fetching region" (new TypeError("NetworkError when attempting to fetch resource.", ""))
console.error: Region.jsm: "Failed to fetch region" (new Error("NO_RESULT", "resource://gre/modules/Region.jsm", 419))

###!!! [Parent][RunMessage] Error: Channel closing: too late to send/recv, messages will be lost

]]></system-err>
  </testcase>
  <testcase name="m2" classname="TestPackage.TestNg1" time="0">
    <system-out><![CDATA[inside m1 method.
]]></system-out>
  </testcase>
  <testcase name="m3" classname="TestPackage.TestNg1" time="0">
    <system-out><![CDATA[inside m1 method.
]]></system-out>
  </testcase>
</testsuite>