<?xml version="1.0" encoding="UTF-8"?>
<!-- Generated by org.testng.reporters.JUnitReportReporter -->
<testsuite skipped="0" hostname="PU-SVANJARI" name="TestPackage.TestNg1" tests="3" failures="0" timestamp="30 Jul 2021 15:44:01 GMT" time="5.786" errors="0">
  <testcase name="m1" time="5.785" classname="TestPackage.TestNg1"/>
  <testcase name="m3" time="0.000" classname="TestPackage.TestNg1"/>
  <testcase name="m2" time="0.001" classname="TestPackage.TestNg1"/>
</testsuite> <!-- TestPackage.TestNg1 -->
