<?xml version="1.0" encoding="UTF-8"?>
<!-- Generated by org.testng.reporters.JUnitReportReporter -->
<testsuite skipped="0" hostname="PU-SVANJARI" name="TestNg1" tests="2" failures="0" timestamp="18 Jul 2021 11:45:45 GMT" time="30.605" errors="0">
  <testcase name="m1" time="30.605" classname="TestNg1"/>
  <testcase name="m2" time="0.000" classname="TestNg1"/>
</testsuite> <!-- TestNg1 -->
