<?xml version="1.0" encoding="UTF-8"?>
<!-- Generated by org.testng.reporters.JUnitReportReporter -->
<testsuite skipped="0" hostname="PU-SVANJARI" name="Demo.TestNg1" tests="2" failures="0" timestamp="18 Jul 2021 10:21:33 GMT" time="12.777" errors="0">
  <testcase name="m1" time="12.776" classname="Demo.TestNg1"/>
  <testcase name="m2" time="0.001" classname="Demo.TestNg1"/>
</testsuite> <!-- Demo.TestNg1 -->
