<?xml version="1.0" encoding="UTF-8"?>
<!-- Generated by org.testng.reporters.JUnitReportReporter -->
<testsuite skipped="0" hostname="PU-SVANJARI" name="TestPackage.Orchard" tests="1" failures="0" timestamp="19 Jul 2021 11:02:33 GMT" time="32.892" errors="0">
  <testcase name="m1" time="32.892" classname="TestPackage.Orchard"/>
</testsuite> <!-- TestPackage.Orchard -->
