<?xml version="1.0" encoding="UTF-8"?>
<!-- Generated by org.testng.reporters.JUnitReportReporter -->
<testsuite name="TestPackage.TestNg1" tests="3" time="4.963" ignored="0" failures="0" timestamp="01 Aug 2021 19:00:08 GMT" skipped="0" hostname="PU-SVANJARI" errors="0">
  <testcase name="m1" time="4.963" classname="TestPackage.TestNg1"/>
  <testcase name="m2" time="0.000" classname="TestPackage.TestNg1"/>
  <testcase name="m3" time="0.000" classname="TestPackage.TestNg1"/>
</testsuite> <!-- TestPackage.TestNg1 -->
